\BOOKMARK [0][-]{chapter.1}{\376\377\000P\000r\000e\000f\000a\000c\000e}{}% 1
\BOOKMARK [0][-]{chapter.2}{\376\377\000H\000o\000w\000\040\000m\000a\000n\000y\000\040\000p\000h\000y\000s\000i\000c\000i\000s\000t\000s\000\040\000d\000o\000e\000s\000\040\000i\000t\000\040\000t\000a\000k\000e\000\040\000t\000o\000\040\000c\000h\000a\000n\000g\000e\000\040\000a\000\040\000l\000i\000g\000h\000t\000\040\000b\000u\000l\000b\000?}{}% 2
\BOOKMARK [1][-]{section.2.1}{\376\377\000S\000o\000\040\000w\000h\000a\000t\000\040\000h\000a\000p\000p\000e\000n\000e\000d\000\040\000t\000o\000\040\000S\000c\000h\000r\000\366\000d\000i\000n\000g\000e\000r\040\031\000s\000\040\000c\000a\000t\000?}{chapter.2}% 3
\BOOKMARK [1][-]{section.2.2}{\376\377\000S\000p\000o\000o\000k\000y\000\040\000a\000c\000t\000i\000o\000n\000\040\000a\000t\000\040\000a\000\040\000d\000i\000s\000t\000a\000n\000c\000e}{chapter.2}% 4
\BOOKMARK [1][-]{section.2.3}{\376\377\000Q\000u\000a\000n\000t\000u\000m\000\040\000T\000e\000c\000h\000n\000o\000l\000o\000g\000i\000e\000s}{chapter.2}% 5
\BOOKMARK [1][-]{section.2.4}{\376\377\000C\000h\000a\000p\000t\000e\000r\000\040\0001\000\040\000S\000u\000m\000m\000a\000r\000y}{chapter.2}% 6
\BOOKMARK [0][-]{chapter.3}{\376\377\000W\000h\000a\000t\000\040\000i\000s\000\040\000Q\000u\000a\000n\000t\000u\000m\000\040\000C\000o\000m\000p\000u\000t\000i\000n\000g\000?}{}% 7
\BOOKMARK [1][-]{section.3.1}{\376\377\000W\000h\000a\000t\000\040\000c\000o\000m\000p\000u\000t\000e\000r\000s\000\040\000d\000o}{chapter.3}% 8
\BOOKMARK [1][-]{section.3.2}{\376\377\000M\000o\000r\000e\000\040\000t\000h\000a\000n\000\040\000f\000l\000i\000p\000p\000i\000n\000g\000\040\000c\000o\000i\000n\000s}{chapter.3}% 9
\BOOKMARK [1][-]{section.3.3}{\376\377\000Q\000u\000a\000n\000t\000u\000m\000\040\000A\000l\000g\000o\000r\000i\000t\000h\000m\000s}{chapter.3}% 10
\BOOKMARK [1][-]{section.3.4}{\376\377\000Q\000u\000a\000n\000t\000u\000m\000\040\000A\000d\000v\000a\000n\000t\000a\000g\000e}{chapter.3}% 11
\BOOKMARK [1][-]{section.3.5}{\376\377\000A\000p\000p\000l\000i\000c\000a\000t\000i\000o\000n\000s\000\040\000o\000f\000\040\000Q\000u\000a\000n\000t\000u\000m\000\040\000C\000o\000m\000p\000u\000t\000i\000n\000g}{chapter.3}% 12
\BOOKMARK [1][-]{section.3.6}{\376\377\000C\000h\000a\000p\000t\000e\000r\000\040\0002\000\040\000S\000u\000m\000m\000a\000r\000y}{chapter.3}% 13
\BOOKMARK [0][-]{chapter.4}{\376\377\000T\000h\000e\000\040\000M\000a\000t\000h\000e\000m\000a\000t\000i\000c\000a\000l\000\040\000M\000i\000n\000i\000m\000u\000m}{}% 14
\BOOKMARK [1][-]{section.4.1}{\376\377\000R\000e\000a\000l\000\040\000a\000n\000d\000\040\000i\000m\000a\000g\000i\000n\000a\000r\000y\000\040\000q\000u\000a\000n\000t\000i\000t\000i\000e\000s}{chapter.4}% 15
\BOOKMARK [2][-]{subsection.4.1.1}{\376\377\000\040\000T\000h\000e\000\040\000s\000q\000u\000a\000r\000e\000\040\000r\000o\000o\000t\000\040\000o\000f\000\040\000-\0001}{section.4.1}% 16
\BOOKMARK [2][-]{subsection.4.1.2}{\376\377\000\040\000C\000o\000m\000p\000l\000e\000x\000\040\000n\000u\000m\000b\000e\000r\000s}{section.4.1}% 17
\BOOKMARK [2][-]{subsection.4.1.3}{\376\377\000\040\000T\000h\000e\000\040\000A\000r\000g\000a\000n\000d\000\040\000D\000i\000a\000g\000r\000a\000m}{section.4.1}% 18
\BOOKMARK [2][-]{subsection.4.1.4}{\376\377\000E\000x\000e\000r\000c\000i\000s\000e\000\040\0003\000.\0001}{section.4.1}% 19
\BOOKMARK [2][-]{subsection.4.1.5}{\376\377\000\040\000C\000o\000m\000p\000l\000e\000x\000\040\000c\000o\000n\000j\000u\000g\000a\000t\000e}{section.4.1}% 20
\BOOKMARK [2][-]{subsection.4.1.6}{\376\377\000\040\000M\000a\000g\000n\000i\000t\000u\000d\000e\000\040\000o\000f\000\040\000c\000o\000m\000p\000l\000e\000x\000\040\000n\000u\000m\000b\000e\000r\000s\000\040}{section.4.1}% 21
\BOOKMARK [2][-]{subsection.4.1.7}{\376\377\000E\000x\000e\000r\000c\000i\000s\000e\000\040\0003\000.\0002}{section.4.1}% 22
\BOOKMARK [2][-]{subsection.4.1.8}{\376\377\000\040\000I\000n\000t\000e\000r\000l\000u\000d\000e\000\040\000o\000n\000\040\000T\000r\000i\000g\000o\000n\000o\000m\000e\000t\000r\000y\000\040}{section.4.1}% 23
\BOOKMARK [2][-]{subsection.4.1.9}{\376\377\000\040\000E\000u\000l\000e\000r\000'\000s\000\040\000f\000o\000r\000m\000u\000l\000a}{section.4.1}% 24
\BOOKMARK [2][-]{subsection.4.1.10}{\376\377\000\040\000P\000o\000l\000a\000r\000\040\000f\000o\000r\000m\000\040\000o\000f\000\040\000c\000o\000m\000p\000l\000e\000x\000\040\000n\000u\000m\000b\000e\000r\000s}{section.4.1}% 25
\BOOKMARK [1][-]{section.4.2}{\376\377\000L\000i\000n\000e\000a\000r\000\040\000A\000l\000g\000e\000b\000r\000a}{chapter.4}% 26
\BOOKMARK [2][-]{subsection.4.2.1}{\376\377\000\040\000V\000e\000c\000t\000o\000r\000s}{section.4.2}% 27
\BOOKMARK [2][-]{subsection.4.2.2}{\376\377\000\040\000A\000d\000d\000i\000n\000g\000\040\000v\000e\000c\000t\000o\000r\000s\000\040}{section.4.2}% 28
\BOOKMARK [2][-]{subsection.4.2.3}{\376\377\000\040\000M\000u\000l\000t\000i\000p\000l\000y\000i\000n\000g\000\040\000a\000\040\000v\000e\000c\000t\000o\000r\000\040\000b\000y\000\040\000a\000\040\000s\000c\000a\000l\000a\000r\000\040}{section.4.2}% 29
\BOOKMARK [2][-]{subsection.4.2.4}{\376\377\000E\000x\000e\000r\000c\000i\000s\000e\000\040\0003\000.\0003}{section.4.2}% 30
\BOOKMARK [2][-]{subsection.4.2.5}{\376\377\000T\000h\000e\000\040\000i\000n\000n\000e\000r\000\040\000p\000r\000o\000d\000u\000c\000t}{section.4.2}% 31
\BOOKMARK [2][-]{subsection.4.2.6}{\376\377\000\040\000P\000e\000r\000p\000e\000n\000d\000i\000c\000u\000l\000a\000r\000\040\000v\000e\000c\000t\000o\000r\000s\000\040}{section.4.2}% 32
\BOOKMARK [2][-]{subsection.4.2.7}{\376\377\000E\000x\000e\000r\000c\000i\000s\000e\000\040\0003\000.\0004}{section.4.2}% 33
\BOOKMARK [2][-]{subsection.4.2.8}{\376\377\000E\000x\000e\000r\000c\000i\000s\000e\000\040\0003\000.\0005}{section.4.2}% 34
\BOOKMARK [2][-]{subsection.4.2.9}{\376\377\000\040\000M\000a\000t\000r\000i\000c\000e\000s}{section.4.2}% 35
\BOOKMARK [2][-]{subsection.4.2.10}{\376\377\000\040\000M\000a\000t\000r\000i\000x\000-\000v\000e\000c\000t\000o\000r\000\040\000p\000r\000o\000d\000u\000c\000t}{section.4.2}% 36
\BOOKMARK [2][-]{subsection.4.2.11}{\376\377\000\040\000I\000n\000v\000e\000r\000s\000e\000\040\000m\000a\000t\000r\000i\000c\000e\000s\000\040}{section.4.2}% 37
\BOOKMARK [2][-]{subsection.4.2.12}{\376\377\000\040\000U\000n\000i\000t\000a\000r\000y\000\040\000m\000a\000t\000r\000i\000c\000e\000s}{section.4.2}% 38
\BOOKMARK [2][-]{subsection.4.2.13}{\376\377\000C\000h\000a\000p\000t\000e\000r\000\040\0003\000\040\000P\000a\000r\000t\000\040\0002\000\040\000S\000u\000m\000m\000a\000r\000y\000\040}{section.4.2}% 39
\BOOKMARK [0][-]{chapter.5}{\376\377\000D\000i\000r\000a\000c\000\040\000N\000o\000t\000a\000t\000i\000o\000n}{}% 40
\BOOKMARK [1][-]{section.5.1}{\376\377\000\040\000I\000n\000f\000o\000r\000m\000a\000t\000i\000o\000n\000\040\000i\000n\000s\000i\000d\000e\000\040\000a\000\040\000c\000o\000m\000p\000u\000t\000e\000r\000\040}{chapter.5}% 41
\BOOKMARK [2][-]{subsection.5.1.1}{\376\377\000\040\000H\000o\000w\000\040\000t\000o\000\040\000d\000e\000s\000c\000r\000i\000b\000e\000\040\000q\000u\000b\000i\000t\000s\000?}{section.5.1}% 42
\BOOKMARK [2][-]{subsection.5.1.2}{\376\377\000E\000x\000e\000r\000c\000i\000s\000e\000\040\0004\000.\0001\000\040}{section.5.1}% 43
\BOOKMARK [2][-]{subsection.5.1.3}{\376\377\000H\000o\000w\000\040\000t\000o\000\040\000d\000e\000s\000c\000r\000i\000b\000e\000\040\000t\000h\000e\000\040\000q\000u\000b\000i\000t\000s}{section.5.1}% 44
\BOOKMARK [2][-]{subsection.5.1.4}{\376\377\000\040\000B\000r\000a\000:\000\040\000R\000o\000w\000\040\000v\000e\000c\000t\000o\000r\000s\000\040\000w\000i\000t\000h\000\040\000a\000\040\000c\000o\000m\000p\000l\000e\000x\000\040\000t\000w\000i\000s\000t\000\040}{section.5.1}% 45
\BOOKMARK [1][-]{section.5.2}{\376\377\000\040\000P\000r\000o\000b\000a\000b\000i\000l\000i\000t\000y\000\040\000o\000f\000\040\000m\000e\000a\000s\000u\000r\000e\000m\000e\000n\000t}{chapter.5}% 46
\BOOKMARK [2][-]{subsection.5.2.1}{\376\377\000\040\000P\000r\000o\000b\000a\000b\000i\000l\000i\000t\000i\000e\000s\000\040\000c\000o\000m\000e\000\040\000f\000r\000o\000m\000\040\000t\000h\000e\000\040\000i\000n\000n\000e\000r\000\040\000p\000r\000o\000d\000u\000c\000t}{section.5.2}% 47
\BOOKMARK [2][-]{subsection.5.2.2}{\376\377\000E\000x\000e\000r\000c\000i\000s\000e\000\040\0004\000.\0002}{section.5.2}% 48
\BOOKMARK [1][-]{section.5.3}{\376\377\000\040\000O\000p\000e\000r\000a\000t\000o\000r\000s\000\040}{chapter.5}% 49
\BOOKMARK [2][-]{subsection.5.3.1}{\376\377\000\040\000A\000\040\000t\000r\000i\000p\000\040\000t\000o\000\040\000t\000h\000e\000\040\000c\000a\000s\000i\000n\000o}{section.5.3}% 50
\BOOKMARK [2][-]{subsection.5.3.2}{\376\377\000E\000x\000e\000r\000c\000i\000s\000e\000\040\0004\000.\0003\000\040\000F\000l\000i\000p\000\040\000t\000h\000e\000\040\000c\000o\000i\000n}{section.5.3}% 51
\BOOKMARK [1][-]{section.5.4}{\376\377\000W\000h\000a\000t\000\040\000d\000o\000\040\000w\000e\000\040\000e\000x\000p\000e\000c\000t\000\040\000t\000o\000\040\000g\000e\000t\000?}{chapter.5}% 52
\BOOKMARK [2][-]{subsection.5.4.1}{\376\377\000\040\000C\000l\000a\000s\000s\000i\000c\000a\000l\000\040\000p\000r\000o\000b\000a\000b\000i\000l\000i\000t\000y\000\040}{section.5.4}% 53
\BOOKMARK [2][-]{subsection.5.4.2}{\376\377\000E\000x\000e\000r\000c\000i\000s\000e\000\040\0004\000.\0004\000\040\000E\000x\000p\000e\000c\000t\000a\000t\000i\000o\000n\000\040\000v\000a\000l\000u\000e}{section.5.4}% 54
\BOOKMARK [2][-]{subsection.5.4.3}{\376\377\000\040\000A\000\040\000q\000u\000a\000n\000t\000u\000m\000\040\000d\000e\000s\000c\000r\000i\000p\000t\000i\000o\000n\000\040\000o\000f\000\040\000p\000r\000o\000b\000a\000b\000i\000l\000i\000t\000y\000\040}{section.5.4}% 55
\BOOKMARK [1][-]{section.5.5}{\376\377\000C\000h\000a\000p\000t\000e\000r\000\040\0004\000\040\000S\000u\000m\000m\000a\000r\000y\000\040}{chapter.5}% 56
\BOOKMARK [0][-]{chapter.6}{\376\377\000S\000i\000n\000g\000l\000e\000\040\000Q\000u\000b\000i\000t\000s}{}% 57
\BOOKMARK [1][-]{section.6.1}{\376\377\000\040\000T\000h\000e\000\040\000u\000n\000i\000t\000\040\000o\000f\000\040\000i\000n\000f\000o\000r\000m\000a\000t\000i\000o\000n}{chapter.6}% 58
\BOOKMARK [1][-]{section.6.2}{\376\377\000\040\000T\000h\000e\000\040\000B\000l\000o\000c\000h\000\040\000S\000p\000h\000e\000r\000e\000\040}{chapter.6}% 59
\BOOKMARK [2][-]{subsection.6.2.1}{\376\377\000T\000h\000e\000\040\000n\000o\000r\000t\000h\000\040\000\046\000\040\000s\000o\000u\000t\000h\000\040\000p\000o\000l\000e\000s}{section.6.2}% 60
\BOOKMARK [2][-]{subsection.6.2.2}{\376\377\000E\000x\000e\000r\000c\000i\000s\000e\000\040\0005\000.\0001\000:\000\040\000W\000h\000e\000r\000e\000\040\000o\000n\000\040\000t\000h\000e\000\040\000s\000p\000h\000e\000r\000e}{section.6.2}% 61
\BOOKMARK [1][-]{section.6.3}{\376\377\000I\000t\000'\000s\000\040\000n\000o\000t\000\040\000j\000u\000s\000t\000\040\000a\000\040\000p\000h\000a\000s\000e\000!}{chapter.6}% 62
\BOOKMARK [2][-]{subsection.6.3.1}{\376\377\000E\000x\000e\000r\000c\000i\000s\000e\000\040\0005\000.\0002\000\040\000B\000a\000c\000k\000\040\000t\000o\000\040\000t\000h\000e\000\040\000s\000t\000a\000r\000t}{section.6.3}% 63
\BOOKMARK [2][-]{subsection.6.3.2}{\376\377\000E\000x\000e\000r\000c\000i\000s\000e\000\040\0005\000.\0003\000\040\000T\000h\000e\000\040\000c\000o\000i\000n\000\040\000d\000o\000e\000s\000n\000'\000t\000\040\000w\000o\000r\000k}{section.6.3}% 64
\BOOKMARK [1][-]{section.6.4}{\376\377\000Q\000u\000b\000i\000t\000\040\000g\000a\000t\000e\000s\000\040}{chapter.6}% 65
\BOOKMARK [2][-]{subsection.6.4.1}{\376\377\000E\000x\000e\000r\000c\000i\000s\000e\000\040\0005\000.\0004}{section.6.4}% 66
\BOOKMARK [2][-]{subsection.6.4.2}{\376\377\000A\000s\000i\000d\000e\000:\000\040\000g\000a\000t\000e\000s\000\040\000v\000s\000\040\000o\000p\000e\000r\000a\000t\000o\000r\000s}{section.6.4}% 67
\BOOKMARK [1][-]{section.6.5}{\376\377\000P\000a\000r\000a\000m\000e\000t\000e\000r\000i\000s\000e\000d\000\040\000q\000u\000a\000n\000t\000u\000m\000\040\000g\000a\000t\000e\000s\000\040}{chapter.6}% 68
\BOOKMARK [2][-]{subsection.6.5.1}{\376\377\000E\000x\000e\000r\000c\000i\000s\000e\000\040\0005\000.\0005}{section.6.5}% 69
\BOOKMARK [2][-]{subsection.6.5.2}{\376\377\000E\000x\000e\000r\000c\000i\000s\000e\000\040\0005\000.\0006}{section.6.5}% 70
\BOOKMARK [1][-]{section.6.6}{\376\377\000\040\000T\000h\000e\000\040\000U\000n\000i\000v\000e\000r\000s\000a\000l\000\040\000Q\000u\000a\000n\000t\000u\000m\000\040\000G\000a\000t\000e\000\040}{chapter.6}% 71
\BOOKMARK [2][-]{subsection.6.6.1}{\376\377\000E\000x\000e\000r\000c\000i\000s\000e\000\040\0005\000.\0007}{section.6.6}% 72
\BOOKMARK [1][-]{section.6.7}{\376\377\000\040\000O\000p\000e\000r\000a\000t\000o\000r\000s\000\040\000i\000n\000\040\000K\000e\000t\000-\000B\000r\000a\000\040\000F\000o\000r\000m}{chapter.6}% 73
\BOOKMARK [1][-]{section.6.8}{\376\377\000\040\000B\000o\000n\000u\000s\000:\000\040\000B\000e\000y\000o\000n\000d\000\040\000B\000i\000t\000s\000\040}{chapter.6}% 74
\BOOKMARK [1][-]{section.6.9}{\376\377\000C\000h\000a\000p\000t\000e\000r\000\040\0005\000\040\000S\000u\000m\000m\000a\000r\000y\000\040}{chapter.6}% 75
\BOOKMARK [1][-]{section.6.10}{\376\377\000R\000e\000f\000e\000r\000e\000n\000c\000e\000s}{chapter.6}% 76
\BOOKMARK [0][-]{chapter.7}{\376\377\000M\000u\000l\000t\000i\000p\000l\000e\000\040\000Q\000u\000b\000i\000t\000s}{}% 77
\BOOKMARK [1][-]{section.7.1}{\376\377\000\040\000M\000o\000r\000e\000\040\000t\000h\000a\000n\000\040\000t\000h\000e\000\040\000s\000u\000m\000\040\000o\000f\000\040\000i\000t\000s\000\040\000p\000a\000r\000t\000s}{chapter.7}% 78
\BOOKMARK [1][-]{section.7.2}{\376\377\000B\000a\000c\000k\000\040\000t\000o\000\040\000B\000i\000n\000a\000r\000y\000\040}{chapter.7}% 79
\BOOKMARK [2][-]{subsection.7.2.1}{\376\377\000\040\000R\000e\000a\000d\000i\000n\000g\000\040\000b\000i\000n\000a\000r\000y\000\040}{section.7.2}% 80
\BOOKMARK [2][-]{subsection.7.2.2}{\376\377\000E\000x\000e\000r\000c\000i\000s\000e\000\040\0006\000.\0001}{section.7.2}% 81
\BOOKMARK [2][-]{subsection.7.2.3}{\376\377\000E\000x\000e\000r\000c\000i\000s\000e\000\040\0006\000.\0002}{section.7.2}% 82
\BOOKMARK [2][-]{subsection.7.2.4}{\376\377\000\040\000R\000e\000a\000d\000i\000n\000g\000\040\000q\000u\000a\000n\000t\000u\000m\000\040\000s\000t\000a\000t\000e\000s\000\040}{section.7.2}% 83
\BOOKMARK [2][-]{subsection.7.2.5}{\376\377\0006\000.\0002\000.\0003\000\040\000C\000o\000l\000u\000m\000n\000\040\000v\000e\000c\000t\000o\000r\000s\000\040\000f\000o\000r\000\040\000m\000u\000l\000t\000i\000p\000l\000e\000\040\000q\000u\000b\000i\000t\000s}{section.7.2}% 84
\BOOKMARK [2][-]{subsection.7.2.6}{\376\377\000E\000x\000e\000r\000c\000i\000s\000e\000\040\0006\000.\0003}{section.7.2}% 85
\BOOKMARK [1][-]{section.7.3}{\376\377\000\040\000M\000u\000l\000t\000i\000p\000l\000e\000\040\000q\000u\000b\000i\000t\000s\000,\000\040\000m\000u\000l\000t\000i\000p\000l\000e\000\040\000g\000a\000t\000e\000s\000\040}{chapter.7}% 86
\BOOKMARK [1][-]{section.7.4}{\376\377\000\040\000P\000r\000o\000d\000u\000c\000t\000\040\000S\000t\000a\000t\000e\000s\000\040}{chapter.7}% 87
\BOOKMARK [1][-]{section.7.5}{\376\377\000\040\000T\000h\000e\000\040\000T\000e\000n\000s\000o\000r\000\040\000P\000r\000o\000d\000u\000c\000t\000\040}{chapter.7}% 88
\BOOKMARK [1][-]{section.7.6}{\376\377\000\040\000E\000n\000t\000a\000n\000g\000l\000e\000m\000e\000n\000t\000\040}{chapter.7}% 89
\BOOKMARK [2][-]{subsection.7.6.1}{\376\377\000\040\000I\000f\000\040\000s\000t\000a\000t\000e\000m\000e\000n\000t\000s\000\040\000w\000i\000t\000h\000\040\000s\000p\000i\000c\000y\000\040\000s\000a\000u\000c\000e\000\040}{section.7.6}% 90
\BOOKMARK [2][-]{subsection.7.6.2}{\376\377\000\040\000C\000a\000n\000\040\000t\000h\000e\000\040\000q\000u\000b\000i\000t\000\040\000n\000o\000t\000?\000\040}{section.7.6}% 91
\BOOKMARK [2][-]{subsection.7.6.3}{\376\377\000\040\000R\000i\000n\000g\000\040\000t\000h\000e\000\040\000B\000e\000l\000l\000\040\000\050\000s\000t\000a\000t\000e\000s\000\051}{section.7.6}% 92
\BOOKMARK [2][-]{subsection.7.6.4}{\376\377\000G\000e\000n\000e\000r\000a\000l\000\040\000c\000o\000n\000t\000r\000o\000l\000l\000e\000d\000\040\000u\000n\000i\000t\000a\000r\000i\000e\000s\000\040}{section.7.6}% 93
\BOOKMARK [2][-]{subsection.7.6.5}{\376\377\000M\000u\000l\000t\000i\000p\000l\000e\000-\000c\000o\000n\000t\000r\000o\000l\000\040\000q\000u\000b\000i\000t\000\040\000g\000a\000t\000e\000s\000\040}{section.7.6}% 94
\BOOKMARK [1][-]{section.7.7}{\376\377\000C\000h\000a\000p\000t\000e\000r\000\040\0006\000\040\000S\000u\000m\000m\000a\000r\000y}{chapter.7}% 95
\BOOKMARK [1][-]{section.7.8}{\376\377\000R\000e\000f\000e\000r\000e\000n\000c\000e\000s}{chapter.7}% 96
\BOOKMARK [0][-]{chapter.8}{\376\377\000Q\000u\000a\000n\000t\000u\000m\000\040\000C\000i\000r\000c\000u\000i\000t\000s}{}% 97
\BOOKMARK [1][-]{section.8.1}{\376\377\000W\000h\000a\000t\000\040\000d\000o\000\040\000y\000o\000u\000\040\000n\000e\000e\000d\000\040\000f\000o\000r\000\040\000a\000\040\000q\000u\000a\000n\000t\000u\000m\000\040\000c\000o\000m\000p\000u\000t\000a\000t\000i\000o\000n\000?}{chapter.8}% 98
\BOOKMARK [2][-]{subsection.8.1.1}{\376\377\000H\000e\000l\000l\000o\000\040\000q\000u\000a\000n\000t\000u\000m\000\040\000w\000o\000r\000l\000d}{section.8.1}% 99
\BOOKMARK [1][-]{section.8.2}{\376\377\000C\000h\000a\000p\000t\000e\000r\000\040\0007\000\040\000S\000u\000m\000m\000a\000r\000y}{chapter.8}% 100
\BOOKMARK [0][-]{chapter.9}{\376\377\000Q\000u\000a\000n\000t\000u\000m\000\040\000R\000a\000n\000d\000o\000m\000\040\000N\000u\000m\000b\000e\000r\000\040\000G\000e\000n\000e\000r\000a\000t\000o\000r\000s}{}% 101
\BOOKMARK [1][-]{section.9.1}{\376\377\000W\000h\000y\000\040\000d\000o\000\040\000w\000e\000\040\000w\000a\000n\000t\000\040\000r\000a\000n\000d\000o\000m\000\040\000n\000u\000m\000b\000e\000r\000s\000?}{chapter.9}% 102
\BOOKMARK [1][-]{section.9.2}{\376\377\000T\000h\000e\000\040\000l\000i\000m\000i\000t\000a\000t\000i\000o\000n\000s\000\040\000o\000f\000\040\000p\000e\000u\000d\000o\000r\000a\000n\000d\000o\000m\000\040\000n\000u\000m\000b\000e\000r\000\040\000g\000e\000n\000e\000r\000a\000t\000o\000r\000s}{chapter.9}% 103
\BOOKMARK [1][-]{section.9.3}{\376\377\000Q\000u\000a\000n\000t\000u\000m\000\040\000R\000N\000G}{chapter.9}% 104
\BOOKMARK [0][-]{chapter.10}{\376\377\000Q\000u\000a\000n\000t\000u\000m\000\040\000c\000o\000m\000p\000u\000t\000e\000r\000s\000\040\000n\000o\000w\000\040\000a\000n\000d\000\040\000o\000f\000\040\000t\000h\000e\000\040\000f\000u\000t\000u\000r\000e}{}% 105
\BOOKMARK [1][-]{section.10.1}{\376\377\0001\0009\0009\0000\000'\000s\000\040\000t\000o\000\040\0002\0000\0002\0002}{chapter.10}% 106
\BOOKMARK [1][-]{section.10.2}{\376\377\000T\000h\000e\000\040\000m\000i\000l\000l\000i\000o\000n\000\040\000q\000u\000b\000i\000t\000\040\000c\000h\000a\000l\000l\000e\000n\000g\000e}{chapter.10}% 107
\BOOKMARK [0][-]{chapter.11}{\376\377\000Q\000u\000a\000n\000t\000u\000m\000\040\000A\000l\000g\000o\000r\000i\000t\000h\000m\000s}{}% 108
\BOOKMARK [1][-]{section.11.1}{\376\377\000\040\000C\000o\000m\000p\000l\000e\000x\000i\000t\000y\000\040\000t\000h\000e\000o\000r\000y\000\040\000i\000s\000n\000'\000t\000\040\000t\000h\000a\000t\000\040\000c\000o\000m\000p\000l\000i\000c\000a\000t\000e\000d}{chapter.11}% 109
\BOOKMARK [1][-]{section.11.2}{\376\377\000\040\000T\000y\000p\000e\000s\000\040\000o\000f\000\040\000q\000u\000a\000n\000t\000u\000m\000\040\000a\000l\000g\000o\000r\000i\000t\000h\000m\000s}{chapter.11}% 110
\BOOKMARK [1][-]{section.11.3}{\376\377\000F\000a\000u\000l\000t\000-\000t\000o\000l\000e\000r\000a\000n\000t\000\040\000Q\000u\000a\000n\000t\000u\000m\000\040\000A\000l\000g\000o\000r\000i\000t\000h\000m\000s}{chapter.11}% 111
\BOOKMARK [2][-]{subsection.11.3.1}{\376\377\000\040\000G\000r\000o\000v\000e\000r\000'\000s\000\040\000S\000e\000a\000r\000c\000h\000\040\000A\000l\000g\000o\000r\000i\000t\000h\000m}{section.11.3}% 112
\BOOKMARK [2][-]{subsection.11.3.2}{\376\377\000H\000o\000w\000\040\000m\000u\000c\000h\000\040\000d\000o\000\040\000w\000e\000\040\000n\000e\000e\000d\000?}{section.11.3}% 113
\BOOKMARK [1][-]{section.11.4}{\376\377\000P\000r\000a\000c\000t\000i\000c\000a\000l\000\040\000c\000o\000n\000s\000i\000d\000e\000r\000a\000t\000i\000o\000n\000s\000:\000\040\000Q\000u\000a\000n\000t\000u\000m\000\040\000S\000t\000r\000a\000t\000e\000g\000y}{chapter.11}% 114
\BOOKMARK [1][-]{section.11.5}{\376\377\000L\000i\000m\000i\000t\000a\000t\000i\000o\000n\000s\000\040\000o\000f\000\040\000q\000u\000a\000n\000t\000u\000m\000\040\000c\000o\000m\000p\000u\000t\000i\000n\000g}{chapter.11}% 115
\BOOKMARK [1][-]{section.11.6}{\376\377\000C\000h\000a\000p\000t\000e\000r\000\040\0001\0000\000\040\000S\000u\000m\000m\000a\000r\000y}{chapter.11}% 116
\BOOKMARK [0][-]{chapter.12}{\376\377\000Q\000u\000a\000n\000t\000u\000m\000\040\000M\000a\000c\000h\000i\000n\000e\000\040\000L\000e\000a\000r\000n\000i\000n\000g}{}% 117
\BOOKMARK [1][-]{section.12.1}{\376\377\000M\000y\000s\000t\000e\000r\000i\000e\000s\000\040\000o\000f\000\040\000m\000a\000c\000h\000i\000n\000e\000\040\000l\000e\000a\000r\000n\000i\000n\000g}{chapter.12}% 118
\BOOKMARK [1][-]{section.12.2}{\376\377\000Q\000C\000\040\000i\000s\000\040\000a\000\040\000l\000o\000t\000\040\000l\000i\000k\000e\000\040\000m\000a\000c\000h\000i\000n\000e\000\040\000l\000e\000a\000r\000n\000i\000n\000g}{chapter.12}% 119
\BOOKMARK [1][-]{section.12.3}{\376\377\000W\000h\000y\000\040\000m\000a\000c\000h\000i\000n\000e\000\040\000l\000e\000a\000r\000n\000i\000n\000g\000\040\000c\000o\000u\000l\000d\000\040\000b\000e\000n\000e\000f\000i\000t\000\040\000f\000r\000o\000m\000\040\000a\000\040\000q\000u\000a\000n\000t\000u\000m\000\040\000a\000d\000v\000a\000n\000t\000a\000g\000e}{chapter.12}% 120
\BOOKMARK [1][-]{section.12.4}{\376\377\000V\000a\000r\000i\000a\000n\000t\000s\000\040\000o\000f\000\040\000Q\000M\000L}{chapter.12}% 121
\BOOKMARK [2][-]{subsection.12.4.1}{\376\377\000V\000Q\000E}{section.12.4}% 122
\BOOKMARK [2][-]{subsection.12.4.2}{\376\377\000Q\000A\000O\000A}{section.12.4}% 123
\BOOKMARK [2][-]{subsection.12.4.3}{\376\377\000G\000e\000n\000e\000r\000a\000t\000i\000v\000e\000\040\000Q\000u\000a\000n\000t\000u\000m\000\040\000M\000o\000d\000e\000l\000l\000i\000n\000g}{section.12.4}% 124
\BOOKMARK [2][-]{subsection.12.4.4}{\376\377\000Q\000u\000a\000n\000t\000u\000m\000\040\000S\000V\000M}{section.12.4}% 125
\BOOKMARK [1][-]{section.12.5}{\376\377\000A\000d\000d\000i\000t\000i\000o\000n\000a\000l\000\040\000c\000o\000n\000s\000i\000d\000e\000r\000a\000t\000i\000o\000n\000s}{chapter.12}% 126
\BOOKMARK [2][-]{subsection.12.5.1}{\376\377\000A\000d\000d\000i\000t\000i\000o\000n\000a\000l\000\040\000r\000e\000s\000o\000u\000r\000c\000e\000s\000\040\000f\000o\000r\000\040\000Q\000M\000L}{section.12.5}% 127
\BOOKMARK [0][-]{chapter.13}{\376\377\000G\000r\000o\000v\000e\000r\000'\000s\000\040\000A\000l\000g\000o\000r\000i\000t\000h\000m}{}% 128
\BOOKMARK [0][-]{chapter.14}{\376\377\000F\000o\000u\000r\000i\000e\000r\000\040\000T\000r\000a\000n\000s\000f\000o\000r\000m\000s}{}% 129
\BOOKMARK [1][-]{section.14.1}{\376\377\000T\000h\000e\000\040\000m\000o\000s\000t\000\040\000p\000o\000w\000e\000r\000f\000u\000l\000\040\000q\000u\000a\000n\000t\000u\000m\000\040\000s\000u\000b\000r\000o\000u\000t\000i\000n\000e}{chapter.14}% 130
\BOOKMARK [1][-]{section.14.2}{\376\377\000S\000i\000g\000n\000a\000l\000\040\000p\000r\000o\000c\000e\000s\000s\000i\000n\000g}{chapter.14}% 131
\BOOKMARK [1][-]{section.14.3}{\376\377\000T\000u\000r\000n\000i\000n\000g\000\040\000t\000h\000e\000\040\000T\000i\000d\000e}{chapter.14}% 132
\BOOKMARK [1][-]{section.14.4}{\376\377\000A\000\040\000c\000h\000a\000n\000g\000e\000\040\000o\000f\000\040\000p\000e\000r\000s\000p\000e\000c\000t\000i\000v\000e\000\040}{chapter.14}% 133
\BOOKMARK [1][-]{section.14.5}{\376\377\000T\000h\000e\000\040\000q\000u\000a\000n\000t\000u\000m\000\040\000m\000e\000c\000h\000a\000n\000i\000c\000a\000l\000\040\000t\000r\000e\000a\000t\000m\000e\000n\000t}{chapter.14}% 134
\BOOKMARK [1][-]{section.14.6}{\376\377\000Q\000u\000a\000n\000t\000u\000m\000\040\000P\000h\000a\000s\000e\000\040\000E\000s\000t\000i\000m\000a\000t\000i\000o\000n}{chapter.14}% 135
\BOOKMARK [1][-]{section.14.7}{\376\377\000T\000h\000e\000\040\000p\000o\000w\000e\000r\000\040\000b\000e\000h\000i\000n\000d\000\040\000S\000h\000o\000r\000'\000s\000\040\000A\000l\000g\000o\000r\000i\000t\000h\000m}{chapter.14}% 136
\BOOKMARK [1][-]{section.14.8}{\376\377\000A\000\040\000n\000e\000w\000\040\000l\000i\000m\000i\000t\000\040\000o\000f\000\040\000m\000a\000c\000h\000i\000n\000e\000\040\000p\000r\000e\000c\000i\000s\000i\000o\000n}{chapter.14}% 137
\BOOKMARK [0][-]{chapter.15}{\376\377\000S\000h\000o\000r\000'\000s\000\040\000A\000l\000g\000o\000r\000i\000t\000h\000m}{}% 138
\BOOKMARK [1][-]{section.15.1}{\376\377\000D\000e\000c\000r\000y\000p\000t\000i\000n\000g\000\040\000e\000n\000c\000r\000y\000p\000t\000i\000o\000n\000\040\000\046\000\040\000Y\0002\000Q}{chapter.15}% 139
\BOOKMARK [0][-]{chapter.16}{\376\377\000B\000e\000n\000c\000h\000m\000a\000r\000k\000s\000\040\000f\000o\000r\000\040\000c\000o\000m\000p\000u\000t\000e\000r\000s}{}% 140
\BOOKMARK [1][-]{section.16.1}{\376\377\000W\000h\000y\000\040\000d\000o\000\040\000w\000e\000\040\000n\000e\000e\000d\000\040\000b\000e\000n\000c\000h\000m\000a\000r\000k\000s}{chapter.16}% 141
\BOOKMARK [1][-]{section.16.2}{\376\377\000C\000l\000a\000s\000s\000i\000c\000a\000l\000\040\000c\000o\000m\000p\000u\000t\000i\000n\000g\000\040\000b\000e\000n\000c\000h\000m\000a\000r\000k\000s}{chapter.16}% 142
\BOOKMARK [1][-]{section.16.3}{\376\377\000H\000o\000w\000\040\000p\000o\000w\000e\000r\000f\000u\000l\000\040\000i\000s\000\040\000y\000o\000u\000r\000\040\000q\000u\000a\000n\000t\000u\000m\000\040\000c\000o\000m\000p\000u\000t\000e\000r\000?}{chapter.16}% 143
\BOOKMARK [0][-]{chapter.17}{\376\377\000D\000i\000s\000t\000r\000i\000b\000u\000t\000e\000d\000\040\000Q\000u\000a\000n\000t\000u\000m\000\040\000C\000o\000m\000p\000u\000t\000i\000n\000g}{}% 144
\BOOKMARK [0][-]{chapter.18}{\376\377\000P\000h\000o\000t\000o\000n\000i\000c\000\040\000Q\000u\000a\000n\000t\000u\000m\000\040\000C\000o\000m\000p\000u\000t\000i\000n\000g}{}% 145
\BOOKMARK [0][-]{chapter.19}{\376\377\000\040\000Q\000u\000a\000n\000t\000u\000m\000\040\000A\000n\000n\000e\000a\000l\000i\000n\000g}{}% 146
